<?xml version="1.0" encoding="UTF-8"?>
<coverage generated="1637521092032" clover="3.2.0">
  <project timestamp="1637521092032" name="All files">
    <metrics statements="65" coveredstatements="64" conditionals="32" coveredconditionals="30" methods="5" coveredmethods="4" elements="102" coveredelements="98" complexity="0" loc="65" ncloc="65" packages="2" files="3" classes="3"/>
    <package name="src">
      <metrics statements="58" coveredstatements="58" conditionals="32" coveredconditionals="30" methods="4" coveredmethods="4"/>
      <file name="helpers.ts" path="/home/ondrej/Documents/projects/json-to-buffer/src/helpers.ts">
        <metrics statements="10" coveredstatements="10" conditionals="2" coveredconditionals="1" methods="1" coveredmethods="1"/>
        <line num="2" count="1" type="stmt"/>
        <line num="3" count="1" type="stmt"/>
        <line num="4" count="1" type="stmt"/>
        <line num="5" count="1" type="stmt"/>
        <line num="6" count="38" type="stmt"/>
        <line num="7" count="38" type="stmt"/>
        <line num="8" count="433" type="cond" truecount="1" falsecount="1"/>
        <line num="9" count="433" type="stmt"/>
        <line num="12" count="38" type="stmt"/>
        <line num="14" count="1" type="stmt"/>
      </file>
      <file name="index.ts" path="/home/ondrej/Documents/projects/json-to-buffer/src/index.ts">
        <metrics statements="48" coveredstatements="48" conditionals="30" coveredconditionals="29" methods="3" coveredmethods="3"/>
        <line num="2" count="1" type="stmt"/>
        <line num="3" count="1" type="stmt"/>
        <line num="4" count="1" type="stmt"/>
        <line num="5" count="1" type="stmt"/>
        <line num="7" count="45" type="cond" truecount="2" falsecount="0"/>
        <line num="8" count="7" type="stmt"/>
        <line num="10" count="38" type="stmt"/>
        <line num="11" count="38" type="stmt"/>
        <line num="12" count="38" type="cond" truecount="2" falsecount="0"/>
        <line num="13" count="1" type="stmt"/>
        <line num="14" count="1" type="cond" truecount="1" falsecount="1"/>
        <line num="15" count="1" type="stmt"/>
        <line num="18" count="37" type="stmt"/>
        <line num="19" count="433" type="stmt"/>
        <line num="20" count="433" type="cond" truecount="4" falsecount="0"/>
        <line num="21" count="6" type="stmt"/>
        <line num="23" count="427" type="cond" truecount="2" falsecount="0"/>
        <line num="24" count="17" type="stmt"/>
        <line num="25" count="17" type="stmt"/>
        <line num="27" count="410" type="cond" truecount="2" falsecount="0"/>
        <line num="28" count="6" type="stmt"/>
        <line num="29" count="6" type="stmt"/>
        <line num="32" count="404" type="stmt"/>
        <line num="34" count="427" type="stmt"/>
        <line num="36" count="37" type="cond" truecount="2" falsecount="0"/>
        <line num="37" count="36" type="stmt"/>
        <line num="39" count="37" type="stmt"/>
        <line num="40" count="37" type="stmt"/>
        <line num="44" count="25" type="stmt"/>
        <line num="45" count="25" type="stmt"/>
        <line num="46" count="442" type="cond" truecount="2" falsecount="0"/>
        <line num="47" count="5" type="stmt"/>
        <line num="49" count="437" type="cond" truecount="2" falsecount="0"/>
        <line num="50" count="34" type="stmt"/>
        <line num="53" count="403" type="cond" truecount="4" falsecount="0"/>
        <line num="55" count="442" type="stmt"/>
        <line num="57" count="25" type="stmt"/>
        <line num="58" count="25" type="stmt"/>
        <line num="59" count="25" type="stmt"/>
        <line num="62" count="12" type="cond" truecount="2" falsecount="0"/>
        <line num="63" count="1" type="stmt"/>
        <line num="65" count="11" type="cond" truecount="2" falsecount="0"/>
        <line num="66" count="3" type="stmt"/>
        <line num="68" count="8" type="cond" truecount="2" falsecount="0"/>
        <line num="69" count="5" type="stmt"/>
        <line num="71" count="3" type="stmt"/>
        <line num="73" count="1" type="stmt"/>
        <line num="74" count="1" type="stmt"/>
      </file>
    </package>
    <package name="tests">
      <metrics statements="7" coveredstatements="6" conditionals="0" coveredconditionals="0" methods="1" coveredmethods="0"/>
      <file name="index.test.mock.ts" path="/home/ondrej/Documents/projects/json-to-buffer/tests/index.test.mock.ts">
        <metrics statements="7" coveredstatements="6" conditionals="0" coveredconditionals="0" methods="1" coveredmethods="0"/>
        <line num="2" count="1" type="stmt"/>
        <line num="3" count="1" type="stmt"/>
        <line num="4" count="1" type="stmt"/>
        <line num="243" count="1" type="stmt"/>
        <line num="744" count="1" type="stmt"/>
        <line num="746" count="0" type="stmt"/>
        <line num="780" count="1" type="stmt"/>
      </file>
    </package>
  </project>
</coverage>
