{"/home/ondrej/Documents/projects/json-to-buffer/src/index.ts": {"path":"/home/ondrej/Documents/projects/json-to-buffer/src/index.ts","statementMap":{"0":{"start":{"line":2,"column":0},"end":{"line":2,"column":62}},"1":{"start":{"line":3,"column":0},"end":{"line":3,"column":30}},"2":{"start":{"line":4,"column":16},"end":{"line":4,"column":36}},"3":{"start":{"line":5,"column":15},"end":{"line":5,"column":32}},"4":{"start":{"line":7,"column":4},"end":{"line":9,"column":5}},"5":{"start":{"line":8,"column":8},"end":{"line":8,"column":58}},"6":{"start":{"line":10,"column":17},"end":{"line":10,"column":44}},"7":{"start":{"line":11,"column":21},"end":{"line":11,"column":55}},"8":{"start":{"line":12,"column":4},"end":{"line":17,"column":5}},"9":{"start":{"line":13,"column":32},"end":{"line":13,"column":52}},"10":{"start":{"line":14,"column":8},"end":{"line":16,"column":9}},"11":{"start":{"line":15,"column":12},"end":{"line":15,"column":59}},"12":{"start":{"line":18,"column":4},"end":{"line":35,"column":5}},"13":{"start":{"line":18,"column":18},"end":{"line":18,"column":19}},"14":{"start":{"line":18,"column":36},"end":{"line":18,"column":46}},"15":{"start":{"line":19,"column":18},"end":{"line":19,"column":34}},"16":{"start":{"line":20,"column":8},"end":{"line":22,"column":9}},"17":{"start":{"line":21,"column":12},"end":{"line":21,"column":21}},"18":{"start":{"line":23,"column":8},"end":{"line":33,"column":9}},"19":{"start":{"line":24,"column":12},"end":{"line":24,"column":73}},"20":{"start":{"line":25,"column":12},"end":{"line":25,"column":54}},"21":{"start":{"line":27,"column":13},"end":{"line":33,"column":9}},"22":{"start":{"line":28,"column":12},"end":{"line":28,"column":73}},"23":{"start":{"line":29,"column":12},"end":{"line":29,"column":55}},"24":{"start":{"line":32,"column":12},"end":{"line":32,"column":101}},"25":{"start":{"line":34,"column":8},"end":{"line":34,"column":47}},"26":{"start":{"line":36,"column":4},"end":{"line":38,"column":5}},"27":{"start":{"line":37,"column":8},"end":{"line":37,"column":21}},"28":{"start":{"line":39,"column":4},"end":{"line":39,"column":43}},"29":{"start":{"line":40,"column":4},"end":{"line":40,"column":42}},"30":{"start":{"line":44,"column":17},"end":{"line":44,"column":44}},"31":{"start":{"line":45,"column":4},"end":{"line":56,"column":5}},"32":{"start":{"line":45,"column":17},"end":{"line":45,"column":18}},"33":{"start":{"line":46,"column":8},"end":{"line":54,"column":9}},"34":{"start":{"line":47,"column":12},"end":{"line":47,"column":52}},"35":{"start":{"line":49,"column":13},"end":{"line":54,"column":9}},"36":{"start":{"line":50,"column":12},"end":{"line":50,"column":53}},"37":{"start":{"line":53,"column":12},"end":{"line":53,"column":116}},"38":{"start":{"line":55,"column":8},"end":{"line":55,"column":47}},"39":{"start":{"line":57,"column":4},"end":{"line":57,"column":17}},"40":{"start":{"line":58,"column":4},"end":{"line":58,"column":43}},"41":{"start":{"line":59,"column":4},"end":{"line":59,"column":42}},"42":{"start":{"line":62,"column":4},"end":{"line":64,"column":5}},"43":{"start":{"line":63,"column":8},"end":{"line":63,"column":25}},"44":{"start":{"line":65,"column":4},"end":{"line":67,"column":5}},"45":{"start":{"line":66,"column":8},"end":{"line":66,"column":39}},"46":{"start":{"line":68,"column":4},"end":{"line":70,"column":5}},"47":{"start":{"line":69,"column":8},"end":{"line":69,"column":40}},"48":{"start":{"line":71,"column":4},"end":{"line":71,"column":54}},"49":{"start":{"line":73,"column":0},"end":{"line":73,"column":36}},"50":{"start":{"line":74,"column":0},"end":{"line":74,"column":31}}},"fnMap":{"0":{"name":"jsonObjectToBuffer","decl":{"start":{"line":6,"column":9},"end":{"line":6,"column":27}},"loc":{"start":{"line":6,"column":34},"end":{"line":41,"column":1}},"line":6},"1":{"name":"jsonArrayToBuffer","decl":{"start":{"line":42,"column":9},"end":{"line":42,"column":26}},"loc":{"start":{"line":42,"column":33},"end":{"line":60,"column":1}},"line":42},"2":{"name":"jsonToBuffer","decl":{"start":{"line":61,"column":9},"end":{"line":61,"column":21}},"loc":{"start":{"line":61,"column":28},"end":{"line":72,"column":1}},"line":61}},"branchMap":{"0":{"loc":{"start":{"line":7,"column":4},"end":{"line":9,"column":5}},"type":"if","locations":[{"start":{"line":7,"column":4},"end":{"line":9,"column":5}},{"start":{},"end":{}}],"line":7},"1":{"loc":{"start":{"line":12,"column":4},"end":{"line":17,"column":5}},"type":"if","locations":[{"start":{"line":12,"column":4},"end":{"line":17,"column":5}},{"start":{},"end":{}}],"line":12},"2":{"loc":{"start":{"line":14,"column":8},"end":{"line":16,"column":9}},"type":"if","locations":[{"start":{"line":14,"column":8},"end":{"line":16,"column":9}},{"start":{},"end":{}}],"line":14},"3":{"loc":{"start":{"line":20,"column":8},"end":{"line":22,"column":9}},"type":"if","locations":[{"start":{"line":20,"column":8},"end":{"line":22,"column":9}},{"start":{},"end":{}}],"line":20},"4":{"loc":{"start":{"line":20,"column":12},"end":{"line":20,"column":70}},"type":"binary-expr","locations":[{"start":{"line":20,"column":12},"end":{"line":20,"column":35}},{"start":{"line":20,"column":39},"end":{"line":20,"column":70}}],"line":20},"5":{"loc":{"start":{"line":23,"column":8},"end":{"line":33,"column":9}},"type":"if","locations":[{"start":{"line":23,"column":8},"end":{"line":33,"column":9}},{"start":{"line":27,"column":13},"end":{"line":33,"column":9}}],"line":23},"6":{"loc":{"start":{"line":27,"column":13},"end":{"line":33,"column":9}},"type":"if","locations":[{"start":{"line":27,"column":13},"end":{"line":33,"column":9}},{"start":{"line":31,"column":13},"end":{"line":33,"column":9}}],"line":27},"7":{"loc":{"start":{"line":36,"column":4},"end":{"line":38,"column":5}},"type":"if","locations":[{"start":{"line":36,"column":4},"end":{"line":38,"column":5}},{"start":{},"end":{}}],"line":36},"8":{"loc":{"start":{"line":46,"column":8},"end":{"line":54,"column":9}},"type":"if","locations":[{"start":{"line":46,"column":8},"end":{"line":54,"column":9}},{"start":{"line":49,"column":13},"end":{"line":54,"column":9}}],"line":46},"9":{"loc":{"start":{"line":49,"column":13},"end":{"line":54,"column":9}},"type":"if","locations":[{"start":{"line":49,"column":13},"end":{"line":54,"column":9}},{"start":{"line":52,"column":13},"end":{"line":54,"column":9}}],"line":49},"10":{"loc":{"start":{"line":53,"column":60},"end":{"line":53,"column":112}},"type":"cond-expr","locations":[{"start":{"line":53,"column":103},"end":{"line":53,"column":105}},{"start":{"line":53,"column":108},"end":{"line":53,"column":112}}],"line":53},"11":{"loc":{"start":{"line":53,"column":60},"end":{"line":53,"column":100}},"type":"binary-expr","locations":[{"start":{"line":53,"column":60},"end":{"line":53,"column":83}},{"start":{"line":53,"column":87},"end":{"line":53,"column":100}}],"line":53},"12":{"loc":{"start":{"line":62,"column":4},"end":{"line":64,"column":5}},"type":"if","locations":[{"start":{"line":62,"column":4},"end":{"line":64,"column":5}},{"start":{},"end":{}}],"line":62},"13":{"loc":{"start":{"line":65,"column":4},"end":{"line":67,"column":5}},"type":"if","locations":[{"start":{"line":65,"column":4},"end":{"line":67,"column":5}},{"start":{},"end":{}}],"line":65},"14":{"loc":{"start":{"line":68,"column":4},"end":{"line":70,"column":5}},"type":"if","locations":[{"start":{"line":68,"column":4},"end":{"line":70,"column":5}},{"start":{},"end":{}}],"line":68}},"s":{"0":1,"1":1,"2":1,"3":1,"4":46,"5":7,"6":39,"7":39,"8":39,"9":2,"10":2,"11":2,"12":37,"13":37,"14":37,"15":434,"16":434,"17":6,"18":428,"19":17,"20":17,"21":411,"22":7,"23":7,"24":404,"25":428,"26":37,"27":36,"28":37,"29":37,"30":25,"31":25,"32":25,"33":442,"34":5,"35":437,"36":34,"37":403,"38":442,"39":25,"40":25,"41":25,"42":12,"43":1,"44":11,"45":3,"46":8,"47":5,"48":3,"49":1,"50":1},"f":{"0":46,"1":25,"2":12},"b":{"0":[7,39],"1":[2,37],"2":[2,0],"3":[6,428],"4":[434,429],"5":[17,411],"6":[7,404],"7":[36,1],"8":[5,437],"9":[34,403],"10":[399,4],"11":[403,403],"12":[1,11],"13":[3,8],"14":[5,3]},"inputSourceMap":null,"_coverageSchema":"1a1c01bbd47fc00a2c39e90264f33305004495a9","hash":"8acaa94c4a8a41290f69e5f0dd013d40ad4056f4"}
}
