TN:
SF:src/helpers.ts
FN:5,(anonymous_0)
FNF:1
FNH:1
FNDA:38,(anonymous_0)
DA:2,1
DA:3,1
DA:4,1
DA:5,1
DA:6,38
DA:7,38
DA:8,433
DA:9,433
DA:12,38
DA:14,1
LF:10
LH:10
BRDA:8,0,0,433
BRDA:8,0,1,0
BRF:2
BRH:1
end_of_record
TN:
SF:src/index.ts
FN:6,jsonObjectToBuffer
FN:42,jsonArrayToBuffer
FN:61,jsonToBuffer
FNF:3
FNH:3
FNDA:45,jsonObjectToBuffer
FNDA:25,jsonArrayToBuffer
FNDA:12,jsonToBuffer
DA:2,1
DA:3,1
DA:4,1
DA:5,1
DA:7,45
DA:8,7
DA:10,38
DA:11,38
DA:12,38
DA:13,1
DA:14,1
DA:15,1
DA:18,37
DA:19,433
DA:20,433
DA:21,6
DA:23,427
DA:24,17
DA:25,17
DA:27,410
DA:28,6
DA:29,6
DA:32,404
DA:34,427
DA:36,37
DA:37,36
DA:39,37
DA:40,37
DA:44,25
DA:45,25
DA:46,442
DA:47,5
DA:49,437
DA:50,34
DA:53,403
DA:55,442
DA:57,25
DA:58,25
DA:59,25
DA:62,12
DA:63,1
DA:65,11
DA:66,3
DA:68,8
DA:69,5
DA:71,3
DA:73,1
DA:74,1
LF:48
LH:48
BRDA:7,0,0,7
BRDA:7,0,1,38
BRDA:12,1,0,1
BRDA:12,1,1,37
BRDA:14,2,0,1
BRDA:14,2,1,0
BRDA:20,3,0,6
BRDA:20,3,1,427
BRDA:20,4,0,433
BRDA:20,4,1,428
BRDA:23,5,0,17
BRDA:23,5,1,410
BRDA:27,6,0,6
BRDA:27,6,1,404
BRDA:36,7,0,36
BRDA:36,7,1,1
BRDA:46,8,0,5
BRDA:46,8,1,437
BRDA:49,9,0,34
BRDA:49,9,1,403
BRDA:53,10,0,399
BRDA:53,10,1,4
BRDA:53,11,0,403
BRDA:53,11,1,403
BRDA:62,12,0,1
BRDA:62,12,1,11
BRDA:65,13,0,3
BRDA:65,13,1,8
BRDA:68,14,0,5
BRDA:68,14,1,3
BRF:30
BRH:29
end_of_record
TN:
SF:tests/index.test.mock.ts
FN:745,(anonymous_0)
FNF:1
FNH:0
FNDA:0,(anonymous_0)
DA:2,1
DA:3,1
DA:4,1
DA:243,1
DA:744,1
DA:746,0
DA:780,1
LF:7
LH:6
BRF:0
BRH:0
end_of_record
